<?xml version="1.0" encoding="UTF-8"?>
<testsuite xmlns:xsi="http://www.w3.org/2001/XMLSchema-instance" xsi:schemaLocation="https://maven.apache.org/surefire/maven-surefire-plugin/xsd/surefire-test-report.xsd" name="com.mpatric.mp3agic.ID3WrapperTest" time="0.002" tests="107" errors="0" skipped="0" failures="0">
  <properties>
[...]
</properties>
  <testcase name="getAlbumImageReturnsNullIfV2TagDoesNotExist" classname="com.mpatric.mp3agic.ID3WrapperTest" time="0"/>
  <testcase name="setsYearOnBothV1AndV2Tags" classname="com.mpatric.mp3agic.ID3WrapperTest" time="0"/>
  <testcase name="setsTitleOnBothV1AndV2Tags" classname="com.mpatric.mp3agic.ID3WrapperTest" time="0"/>
  <testcase name="setUrlDoesNotThrowExceptionWhenV2TagDoesNotExist" classname="com.mpatric.mp3agic.ID3WrapperTest" time="0"/>
  <testcase name="clearsCommentFrameOnV2Tag" classname="com.mpatric.mp3agic.ID3WrapperTest" time="0"/>
  <testcase name="getTitleReturnsV1TagsTitleIfV2TagsTitleIsEmpty" classname="com.mpatric.mp3agic.ID3WrapperTest" time="0"/>
  <testcase name="getCopyrightReturnsV2TagsCopyright" classname="com.mpatric.mp3agic.ID3WrapperTest" time="0"/>
  <testcase name="getAlbumReturnsNullIfBothTagsDoNotExist" classname="com.mpatric.mp3agic.ID3WrapperTest" time="0"/>
  <testcase name="getArtistReturnsV1TagsArtistIfV2TagDoesNotExist" classname="com.mpatric.mp3agic.ID3WrapperTest" time="0"/>
  <testcase name="getAlbumReturnsV1TagsAlbumIfV2TagsAlbumIsEmpty" classname="com.mpatric.mp3agic.ID3WrapperTest" time="0"/>
  <testcase name="setTrackDoesNotThrowExceptionWhenBothTagsDoNotExist" classname="com.mpatric.mp3agic.ID3WrapperTest" time="0"/>
  <testcase name="setGenreDoesNotThrowExceptionWhenBothTagsDoNotExist" classname="com.mpatric.mp3agic.ID3WrapperTest" time="0"/>
  <testcase name="getGenreReturnsV1TagsGenreIfV2TagDoesNotExist" classname="com.mpatric.mp3agic.ID3WrapperTest" time="0"/>
  <testcase name="setsCommentOnV2TagOnly" classname="com.mpatric.mp3agic.ID3WrapperTest" time="0"/>
  <testcase name="getGenreDescriptionReturnsNullIfBothTagsDoNotExist" classname="com.mpatric.mp3agic.ID3WrapperTest" time="0"/>
  <testcase name="setsTrackOnV2TagOnly" classname="com.mpatric.mp3agic.ID3WrapperTest" time="0"/>
  <testcase name="setsYearOnV1TagOnly" classname="com.mpatric.mp3agic.ID3WrapperTest" time="0"/>
  <testcase name="getTitleReturnsNullIfBothTagsDoNotExist" classname="com.mpatric.mp3agic.ID3WrapperTest" time="0"/>
  <testcase name="getTrackReturnsV1TagsTrackIfV2TagDoesNotExist" classname="com.mpatric.mp3agic.ID3WrapperTest" time="0"/>
  <testcase name="getAlbumArtistReturnsNullIfV2TagDoesNotExist" classname="com.mpatric.mp3agic.ID3WrapperTest" time="0"/>
  <testcase name="setAlbumDoesNotThrowExceptionWhenBothTagsDoNotExist" classname="com.mpatric.mp3agic.ID3WrapperTest" time="0"/>
  <testcase name="getOriginalArtistReturnsV2TagsOriginalArtist" classname="com.mpatric.mp3agic.ID3WrapperTest" time="0"/>
  <testcase name="setsAlbumArtistOnV2Tag" classname="com.mpatric.mp3agic.ID3WrapperTest" time="0"/>
  <testcase name="clearCopyrightDoesNotThrowExceptionWhenV2TagDoesNotExist" classname="com.mpatric.mp3agic.ID3WrapperTest" time="0"/>
  <testcase name="getGenreReturnsNegativeOneIfBothTagsDoNotExist" classname="com.mpatric.mp3agic.ID3WrapperTest" time="0"/>
  <testcase name="clearsCommentOnV1Tag" classname="com.mpatric.mp3agic.ID3WrapperTest" time="0"/>
  <testcase name="getArtistReturnsNullIfBothTagsDoNotExist" classname="com.mpatric.mp3agic.ID3WrapperTest" time="0"/>
  <testcase name="getAlbumReturnsV1TagsAlbumIfV2TagsAlbumDoesNotExist" classname="com.mpatric.mp3agic.ID3WrapperTest" time="0"/>
  <testcase name="setArtistDoesNotThrowExceptionWhenBothTagsDoNotExist" classname="com.mpatric.mp3agic.ID3WrapperTest" time="0"/>
  <testcase name="setsAlbumOnBothV1AndV2Tags" classname="com.mpatric.mp3agic.ID3WrapperTest" time="0"/>
  <testcase name="setCopyrightDoesNotThrowExceptionWhenV2TagDoesNotExist" classname="com.mpatric.mp3agic.ID3WrapperTest" time="0"/>
  <testcase name="getYearReturnsV1TagsYearIfV2TagsYearIsEmpty" classname="com.mpatric.mp3agic.ID3WrapperTest" time="0"/>
  <testcase name="getAlbumReturnsV1TagsAlbumIfV2TagDoesNotExist" classname="com.mpatric.mp3agic.ID3WrapperTest" time="0"/>
  <testcase name="getCommentReturnsV1TagsCommentIfV2TagDoesNotExist" classname="com.mpatric.mp3agic.ID3WrapperTest" time="0"/>
  <testcase name="getCommentReturnsNullIfBothTagsDoNotExist" classname="com.mpatric.mp3agic.ID3WrapperTest" time="0"/>
  <testcase name="getOriginalArtistReturnsNullIfV2TagDoesNotExist" classname="com.mpatric.mp3agic.ID3WrapperTest" time="0"/>
  <testcase name="clearsEncoderFrameOnV2Tag" classname="com.mpatric.mp3agic.ID3WrapperTest" time="0"/>
  <testcase name="getYearReturnsV1TagsYearIfV2TagDoesNotExist" classname="com.mpatric.mp3agic.ID3WrapperTest" time="0"/>
  <testcase name="getGenreDescriptionReturnsV1TagsGenreDescriptionIfV2TagDoesNotExist" classname="com.mpatric.mp3agic.ID3WrapperTest" time="0"/>
  <testcase name="setOriginalArtistDoesNotThrowExceptionWhenV2TagDoesNotExist" classname="com.mpatric.mp3agic.ID3WrapperTest" time="0"/>
  <testcase name="setLyricsDoesNotThrowExceptionWhenV2TagDoesNotExist" classname="com.mpatric.mp3agic.ID3WrapperTest" time="0"/>
  <testcase name="getTitleReturnsV1TagsTitleIfV2TagsTitleDoesNotExist" classname="com.mpatric.mp3agic.ID3WrapperTest" time="0"/>
  <testcase name="setsGenreOnV2TagOnly" classname="com.mpatric.mp3agic.ID3WrapperTest" time="0"/>
  <testcase name="setsEncoderOnV2Tag" classname="com.mpatric.mp3agic.ID3WrapperTest" time="0"/>
  <testcase name="getTrackReturnsV1TagsTrackIfV2TagsTrackDoesNotExist" classname="com.mpatric.mp3agic.ID3WrapperTest" time="0"/>
  <testcase name="getTrackReturnsV2TagsTrackBeforeV1TagsTrack" classname="com.mpatric.mp3agic.ID3WrapperTest" time="0"/>
  <testcase name="setsGenreOnBothV1AndV2Tags" classname="com.mpatric.mp3agic.ID3WrapperTest" time="0"/>
  <testcase name="setsArtistOnBothV1AndV2Tags" classname="com.mpatric.mp3agic.ID3WrapperTest" time="0"/>
  <testcase name="getArtistReturnsV2TagsArtistBeforeV1TagsArtist" classname="com.mpatric.mp3agic.ID3WrapperTest" time="0"/>
  <testcase name="setsUrlOnV2Tag" classname="com.mpatric.mp3agic.ID3WrapperTest" time="0"/>
  <testcase name="getAlbumArtistReturnsV2TagsAlbumArtist" classname="com.mpatric.mp3agic.ID3WrapperTest" time="0"/>
  <testcase name="getAlbumReturnsV2TagsAlbumBeforeV1TagsAlbum" classname="com.mpatric.mp3agic.ID3WrapperTest" time="0"/>
  <testcase name="setEncoderDoesNotThrowExceptionWhenV2TagDoesNotExist" classname="com.mpatric.mp3agic.ID3WrapperTest" time="0"/>
  <testcase name="setsTitleOnV1TagOnly" classname="com.mpatric.mp3agic.ID3WrapperTest" time="0"/>
  <testcase name="setsYearOnV2TagOnly" classname="com.mpatric.mp3agic.ID3WrapperTest" time="0"/>
  <testcase name="setCommentDoesNotThrowExceptionWhenBothTagsDoNotExist" classname="com.mpatric.mp3agic.ID3WrapperTest" time="0"/>
  <testcase name="setsCommentOnBothV1AndV2Tags" classname="com.mpatric.mp3agic.ID3WrapperTest" time="0"/>
  <testcase name="setsAlbumOnV1TagOnly" classname="com.mpatric.mp3agic.ID3WrapperTest" time="0"/>
  <testcase name="getEncoderReturnsNullIfV2TagDoesNotExist" classname="com.mpatric.mp3agic.ID3WrapperTest" time="0"/>
  <testcase name="setsOriginalArtistOnV2Tag" classname="com.mpatric.mp3agic.ID3WrapperTest" time="0"/>
  <testcase name="setTitleDoesNotThrowExceptionWhenBothTagsDoNotExist" classname="com.mpatric.mp3agic.ID3WrapperTest" time="0"/>
  <testcase name="getLyricsReturnsNullIfV2TagDoesNotExist" classname="com.mpatric.mp3agic.ID3WrapperTest" time="0"/>
  <testcase name="setsArtistOnV1TagOnly" classname="com.mpatric.mp3agic.ID3WrapperTest" time="0"/>
  <testcase name="returnsNullV1Tag" classname="com.mpatric.mp3agic.ID3WrapperTest" time="0"/>
  <testcase name="returnsNullV2Tag" classname="com.mpatric.mp3agic.ID3WrapperTest" time="0"/>
  <testcase name="getGenreReturnsV1TagsGenreIfV2TagsGenreIsNegativeOne" classname="com.mpatric.mp3agic.ID3WrapperTest" time="0"/>
  <testcase name="setsTrackOnBothV1AndV2Tags" classname="com.mpatric.mp3agic.ID3WrapperTest" time="0"/>
  <testcase name="setAlbumImageDoesNotThrowExceptionWhenV2TagDoesNotExist" classname="com.mpatric.mp3agic.ID3WrapperTest" time="0"/>
  <testcase name="getEncoderReturnsV2TagsEncoder" classname="com.mpatric.mp3agic.ID3WrapperTest" time="0"/>
  <testcase name="setAlbumArtistDoesNotThrowExceptionWhenV2TagDoesNotExist" classname="com.mpatric.mp3agic.ID3WrapperTest" time="0"/>
  <testcase name="setsCommentOnV1TagOnly" classname="com.mpatric.mp3agic.ID3WrapperTest" time="0"/>
  <testcase name="getUrlReturnsNullIfV2TagDoesNotExist" classname="com.mpatric.mp3agic.ID3WrapperTest" time="0"/>
  <testcase name="getArtistReturnsV1TagsArtistIfV2TagsArtistIsEmpty" classname="com.mpatric.mp3agic.ID3WrapperTest" time="0"/>
  <testcase name="getGenreDescriptionReturnsV2TagsGenreDescriptionBeforeV1TagsGenreDescription" classname="com.mpatric.mp3agic.ID3WrapperTest" time="0"/>
  <testcase name="setsTrackOnV1TagOnly" classname="com.mpatric.mp3agic.ID3WrapperTest" time="0"/>
  <testcase name="setsCopyrightOnV2Tag" classname="com.mpatric.mp3agic.ID3WrapperTest" time="0"/>
  <testcase name="getCommentReturnsV1TagsCommentIfV2TagsCommentDoesNotExist" classname="com.mpatric.mp3agic.ID3WrapperTest" time="0"/>
  <testcase name="getLyricsReturnsV2TagsLyrics" classname="com.mpatric.mp3agic.ID3WrapperTest" time="0"/>
  <testcase name="getUrlReturnsV2TagsUrl" classname="com.mpatric.mp3agic.ID3WrapperTest" time="0"/>
  <testcase name="clearEncoderDoesNotThrowExceptionWhenV2TagDoesNotExist" classname="com.mpatric.mp3agic.ID3WrapperTest" time="0"/>
  <testcase name="setsAlbumImageOnV2Tag" classname="com.mpatric.mp3agic.ID3WrapperTest" time="0"/>
  <testcase name="setYearDoesNotThrowExceptionWhenBothTagsDoNotExist" classname="com.mpatric.mp3agic.ID3WrapperTest" time="0"/>
  <testcase name="getYearReturnsV1TagsYearIfV2TagsYearDoesNotExist" classname="com.mpatric.mp3agic.ID3WrapperTest" time="0"/>
  <testcase name="getTrackReturnsV1TagsTrackIfV2TagsTrackIsEmpty" classname="com.mpatric.mp3agic.ID3WrapperTest" time="0"/>
  <testcase name="clearsCopyrightFrameOnV2Tag" classname="com.mpatric.mp3agic.ID3WrapperTest" time="0"/>
  <testcase name="getTitleReturnsV1TagsTitleIfV2TagDoesNotExist" classname="com.mpatric.mp3agic.ID3WrapperTest" time="0"/>
  <testcase name="getComposerReturnsV2TagsComposer" classname="com.mpatric.mp3agic.ID3WrapperTest" time="0"/>
  <testcase name="setsComposerOnV2Tag" classname="com.mpatric.mp3agic.ID3WrapperTest" time="0"/>
  <testcase name="getCommentReturnsV2TagsCommentBeforeV1TagsComment" classname="com.mpatric.mp3agic.ID3WrapperTest" time="0"/>
  <testcase name="getArtistReturnsV1TagsArtistIfV2TagsArtistDoesNotExist" classname="com.mpatric.mp3agic.ID3WrapperTest" time="0"/>
  <testcase name="getGenreReturnsV2TagsGenreBeforeV1TagsGenre" classname="com.mpatric.mp3agic.ID3WrapperTest" time="0"/>
  <testcase name="getYearReturnsV2TagsYearBeforeV1TagsYear" classname="com.mpatric.mp3agic.ID3WrapperTest" time="0"/>
  <testcase name="setComposerDoesNotThrowExceptionWhenV2TagDoesNotExist" classname="com.mpatric.mp3agic.ID3WrapperTest" time="0"/>
  <testcase name="getTitleReturnsV2TagsTitleBeforeV1TagsTitle" classname="com.mpatric.mp3agic.ID3WrapperTest" time="0"/>
  <testcase name="getYearReturnsNullIfBothTagsDoNotExist" classname="com.mpatric.mp3agic.ID3WrapperTest" time="0"/>
  <testcase name="returnsV1Tag" classname="com.mpatric.mp3agic.ID3WrapperTest" time="0"/>
  <testcase name="returnsV2Tag" classname="com.mpatric.mp3agic.ID3WrapperTest" time="0"/>
  <testcase name="setsTitleOnV2TagOnly" classname="com.mpatric.mp3agic.ID3WrapperTest" time="0"/>
  <testcase name="setsLyricsOnV2Tag" classname="com.mpatric.mp3agic.ID3WrapperTest" time="0"/>
  <testcase name="setsGenreOnV1TagOnly" classname="com.mpatric.mp3agic.ID3WrapperTest" time="0"/>
  <testcase name="getTrackReturnsNullIfBothTagsDoNotExist" classname="com.mpatric.mp3agic.ID3WrapperTest" time="0"/>
  <testcase name="setsAlbumOnV2TagOnly" classname="com.mpatric.mp3agic.ID3WrapperTest" time="0"/>
  <testcase name="getCommentReturnsV1TagsCommentIfV2TagsCommentIsEmpty" classname="com.mpatric.mp3agic.ID3WrapperTest" time="0"/>
  <testcase name="getCopyrightReturnsNullIfV2TagDoesNotExist" classname="com.mpatric.mp3agic.ID3WrapperTest" time="0"/>
  <testcase name="getComposerReturnsNullIfV2TagDoesNotExist" classname="com.mpatric.mp3agic.ID3WrapperTest" time="0"/>
  <testcase name="getAlbumImageReturnsV2TagsAlbumImage" classname="com.mpatric.mp3agic.ID3WrapperTest" time="0"/>
  <testcase name="setsArtistOnV2TagOnly" classname="com.mpatric.mp3agic.ID3WrapperTest" time="0"/>
</testsuite>