<?xml version="1.0" encoding="UTF-8"?>
<testsuite xmlns:xsi="http://www.w3.org/2001/XMLSchema-instance" xsi:schemaLocation="https://maven.apache.org/surefire/maven-surefire-plugin/xsd/surefire-test-report.xsd" name="com.mpatric.mp3agic.BaseExceptionTest" time="0.062" tests="3" errors="0" skipped="0" failures="0">
  <properties>
[...]
</properties>
  <testcase name="generatesCorrectDetailedMessageForSingleException" classname="com.mpatric.mp3agic.BaseExceptionTest" time="0.004"/>
  <testcase name="generatesCorrectDetailedMessageForChainedExceptionsWithOtherExceptionInMix" classname="com.mpatric.mp3agic.BaseExceptionTest" time="0"/>
  <testcase name="generatesCorrectDetailedMessageForChainedBaseExceptions" classname="com.mpatric.mp3agic.BaseExceptionTest" time="0"/>
</testsuite>